#-----------------------------------------------------------
# Vivado v2020.2 (64-bit)
# SW Build 3064766 on Wed Nov 18 09:12:45 MST 2020
# IP Build 3064653 on Wed Nov 18 14:17:31 MST 2020
# Start of session at: Thu Dec 16 08:10:51 2021
# Process ID: 10808
# Current directory: D:/Projet_instrum_MHAH
# Command line: vivado.exe -gui_launcher_event rodinguilauncherevent4148 D:\Projet_instrum_MHAH\Projet_instrum_MHAH.xpr
# Log file: D:/Projet_instrum_MHAH/vivado.log
# Journal file: D:/Projet_instrum_MHAH\vivado.jou
#-----------------------------------------------------------
start_gui
open_project D:/Projet_instrum_MHAH/Projet_instrum_MHAH.xpr
Scanning sources...
Finished scanning sources
INFO: [IP_Flow 19-234] Refreshing IP repositories
INFO: [IP_Flow 19-1704] No user IP repositories specified
INFO: [IP_Flow 19-2313] Loaded Vivado IP repository 'C:/Xilinx/Vivado/2020.2/data/ip'.
open_project: Time (s): cpu = 00:00:18 ; elapsed = 00:00:12 . Memory (MB): peak = 1090.910 ; gain = 0.000
update_compile_order -fileset sources_1
close [ open D:/Projet_instrum_MHAH/Projet_instrum_MHAH.srcs/sources_1/new/division.vhd w ]
add_files D:/Projet_instrum_MHAH/Projet_instrum_MHAH.srcs/sources_1/new/division.vhd
update_compile_order -fileset sources_1
exit
INFO: [Common 17-206] Exiting Vivado at Thu Dec 16 11:43:37 2021...
